13:49:26:269 [ALWAYS]	GUDE Logging Started
13:49:26:269 [INFO]	SqliteResumeCache::SqliteResumeCache basedirectory is null/empty
13:49:26:269 [ERROR]	SqliteResumeCache::CreateSqliteResumeCache creating resume cache pointer failure
13:49:26:269 [ERROR]	Initialize resume cache pointer failure
13:49:26:269 [INFO]	gude policy POLICY_USER limit (2,2,1) chunk 2097152, chunking (UL 0 DL 1), resXfer 1, adapt 0, NSURL 0, timeout 86400 
13:49:26:269 [INFO]	Initialized -- gude-lib version: v0.12.1 app: gude
13:49:30:612 [WARN]	Ignoring attempt to reinit logging to \gude at level 4 retaining 3 days of logs
13:49:30:612 [INFO]	SqliteResumeCache::SqliteResumeCache basedirectory is null/empty
13:49:30:612 [ERROR]	SqliteResumeCache::CreateSqliteResumeCache creating resume cache pointer failure
13:49:30:613 [ERROR]	Initialize resume cache pointer failure
13:49:30:613 [INFO]	gude policy POLICY_USER limit (4,4,1) chunk 2097152, chunking (UL 0 DL 1), resXfer 1, adapt 0, NSURL 1, timeout 86400 
13:49:30:613 [INFO]	Initialized -- gude-lib version: v0.12.1 app: gude
13:58:03:585 [ALWAYS]	GUDE Logging Started
13:58:03:586 [INFO]	SqliteResumeCache::SqliteResumeCache basedirectory is null/empty
13:58:03:586 [ERROR]	SqliteResumeCache::CreateSqliteResumeCache creating resume cache pointer failure
13:58:03:586 [ERROR]	Initialize resume cache pointer failure
13:58:03:586 [INFO]	gude policy POLICY_USER limit (2,2,1) chunk 2097152, chunking (UL 0 DL 1), resXfer 1, adapt 0, NSURL 0, timeout 86400 
13:58:03:586 [INFO]	Initialized -- gude-lib version: v0.12.1 app: gude
13:58:05:829 [WARN]	Ignoring attempt to reinit logging to \gude at level 4 retaining 3 days of logs
13:58:05:829 [INFO]	SqliteResumeCache::SqliteResumeCache basedirectory is null/empty
13:58:05:829 [ERROR]	SqliteResumeCache::CreateSqliteResumeCache creating resume cache pointer failure
13:58:05:829 [ERROR]	Initialize resume cache pointer failure
13:58:05:830 [INFO]	gude policy POLICY_USER limit (4,4,1) chunk 2097152, chunking (UL 0 DL 1), resXfer 1, adapt 0, NSURL 1, timeout 86400 
13:58:05:830 [INFO]	Initialized -- gude-lib version: v0.12.1 app: gude
